[2016-03-14 09:09:06.571] [ERROR] error - Error caught in uncaughtException event:TypeError: res.send is not a function
[2016-03-15 09:12:25.754] [ERROR] error - Error caught in uncaughtException event:TypeError: Cannot read property 'status' of undefined
[2016-03-15 09:12:38.564] [ERROR] error - Error caught in uncaughtException event:TypeError: Cannot read property 'status' of undefined
[2016-03-15 09:13:33.528] [ERROR] error - Error caught in uncaughtException event:TypeError: Cannot read property 'status' of undefined
[2016-03-15 09:15:16.580] [ERROR] error - Error caught in uncaughtException event:TypeError: Cannot read property 'status' of undefined
[2016-03-15 09:15:27.923] [ERROR] error - Error caught in uncaughtException event:TypeError: Cannot read property 'status' of undefined
[2016-03-15 09:15:42.975] [ERROR] error - Error caught in uncaughtException event:TypeError: Cannot read property 'status' of undefined
[2016-03-15 09:16:58.197] [ERROR] error - Error caught in uncaughtException event:TypeError: Cannot read property 'status' of undefined
[2016-03-15 09:17:13.471] [ERROR] error - Error caught in uncaughtException event:TypeError: Cannot read property 'status' of undefined
[2016-03-15 09:17:13.694] [ERROR] error - Error caught in uncaughtException event:TypeError: Cannot read property 'status' of undefined
[2016-03-15 09:17:13.909] [ERROR] error - Error caught in uncaughtException event:TypeError: Cannot read property 'status' of undefined
[2016-03-15 09:17:14.117] [ERROR] error - Error caught in uncaughtException event:TypeError: Cannot read property 'status' of undefined
[2016-03-15 09:18:13.496] [ERROR] error - Error caught in uncaughtException event:TypeError: Cannot read property 'status' of undefined
[2016-03-15 09:18:28.825] [ERROR] error - Error caught in uncaughtException event:TypeError: Cannot read property 'status' of undefined
[2016-03-15 09:18:29.044] [ERROR] error - Error caught in uncaughtException event:TypeError: Cannot read property 'status' of undefined
[2016-03-15 09:39:32.055] [ERROR] error - Error caught in uncaughtException event:TypeError: Cannot read property 'status' of undefined
[2016-03-15 09:41:01.718] [ERROR] error - Error caught in uncaughtException event:TypeError: Cannot read property 'status' of undefined
[2016-03-15 09:49:50.195] [ERROR] error - Error caught in uncaughtException event:TypeError: Cannot read property 'status' of undefined
[2016-03-15 09:50:04.023] [ERROR] error - Error caught in uncaughtException event:TypeError: Cannot read property 'status' of undefined
[2016-03-15 09:50:04.324] [ERROR] error - Error caught in uncaughtException event:TypeError: Cannot read property 'status' of undefined
[2016-03-15 09:50:30.330] [ERROR] error - Error caught in uncaughtException event:TypeError: Cannot read property 'status' of undefined
[2016-03-15 09:52:08.243] [ERROR] error - Error caught in uncaughtException event:TypeError: Cannot read property 'status' of undefined
[2016-03-15 09:52:11.500] [ERROR] error - Error caught in uncaughtException event:TypeError: Cannot read property 'status' of undefined
[2016-03-15 09:52:20.947] [ERROR] error - Error caught in uncaughtException event:TypeError: Cannot read property 'status' of undefined
[2016-03-15 09:52:46.588] [ERROR] error - Error caught in uncaughtException event:TypeError: Cannot read property 'status' of undefined
[2016-03-15 09:53:08.494] [ERROR] error - Error caught in uncaughtException event:TypeError: Cannot read property 'status' of undefined
[2016-03-15 09:55:01.211] [ERROR] error - Error caught in uncaughtException event:TypeError: Cannot read property 'status' of undefined
[2016-03-15 09:55:36.671] [ERROR] error - Error caught in uncaughtException event:TypeError: Cannot read property 'status' of undefined
[2016-03-15 15:28:08.127] [ERROR] error - Error caught in uncaughtException event:ReferenceError: next is not defined
[2016-03-15 17:01:16.391] [ERROR] error - Error caught in uncaughtException event:TypeError: Cannot read property 'status' of undefined
[2016-03-15 17:02:13.912] [ERROR] error - Error caught in uncaughtException event:TypeError: Cannot read property 'status' of undefined
[2016-03-15 17:02:30.809] [ERROR] error - Error caught in uncaughtException event:TypeError: Cannot read property 'status' of undefined
[2016-03-15 17:02:46.292] [ERROR] error - Error caught in uncaughtException event:TypeError: Cannot read property 'status' of undefined
[2016-03-15 17:03:33.409] [ERROR] error - Error caught in uncaughtException event:TypeError: Cannot read property 'status' of undefined
[2016-03-15 17:17:46.698] [ERROR] error - Error caught in uncaughtException event:TypeError: Cannot read property 'status' of undefined
[2016-03-17 08:36:54.768] [ERROR] error - Error caught in uncaughtException event:TypeError: Cannot read property 'status' of undefined
[2016-03-17 08:37:24.298] [ERROR] error - Error caught in uncaughtException event:TypeError: Cannot read property 'status' of undefined
[2016-03-17 08:37:29.384] [ERROR] error - Error caught in uncaughtException event:TypeError: Cannot read property 'status' of undefined
[2016-03-17 08:37:29.580] [ERROR] error - Error caught in uncaughtException event:TypeError: Cannot read property 'status' of undefined
[2016-03-17 08:37:29.790] [ERROR] error - Error caught in uncaughtException event:TypeError: Cannot read property 'status' of undefined
[2016-03-17 08:37:52.231] [ERROR] error - Error caught in uncaughtException event:TypeError: Cannot read property 'status' of undefined
[2016-03-17 08:38:16.913] [ERROR] error - Error caught in uncaughtException event:TypeError: Cannot read property 'status' of undefined
[2016-03-17 08:38:17.187] [ERROR] error - Error caught in uncaughtException event:TypeError: Cannot read property 'status' of undefined
[2016-03-17 08:38:17.441] [ERROR] error - Error caught in uncaughtException event:TypeError: Cannot read property 'status' of undefined
[2016-03-17 08:38:17.733] [ERROR] error - Error caught in uncaughtException event:TypeError: Cannot read property 'status' of undefined
[2016-03-17 08:39:07.844] [ERROR] error - Error caught in uncaughtException event:TypeError: Cannot read property 'status' of undefined
[2016-03-17 08:39:32.458] [ERROR] error - Error caught in uncaughtException event:TypeError: Cannot read property 'status' of undefined
[2016-03-17 08:39:32.733] [ERROR] error - Error caught in uncaughtException event:TypeError: Cannot read property 'status' of undefined
[2016-03-17 08:39:32.983] [ERROR] error - Error caught in uncaughtException event:TypeError: Cannot read property 'status' of undefined
[2016-03-17 08:39:33.267] [ERROR] error - Error caught in uncaughtException event:TypeError: Cannot read property 'status' of undefined
[2016-03-17 08:40:23.331] [ERROR] error - Error caught in uncaughtException event:TypeError: Cannot read property 'status' of undefined
[2016-03-17 08:40:47.843] [ERROR] error - Error caught in uncaughtException event:TypeError: Cannot read property 'status' of undefined
[2016-03-17 23:42:15.194] [ERROR] error - Error caught in uncaughtException event:MongoError: connect ECONNREFUSED 127.0.0.1:27017
[2016-03-17 23:45:18.289] [ERROR] error - Error caught in uncaughtException event:MongoError: connect ECONNREFUSED 127.0.0.1:27017
[2016-03-18 00:14:47.118] [ERROR] error - Error caught in uncaughtException event:TypeError: Cannot read property 'name' of undefined
[2016-03-18 00:14:54.180] [ERROR] error - Error caught in uncaughtException event:TypeError: Cannot read property 'name' of undefined
[2016-03-18 00:15:46.324] [ERROR] error - Error caught in uncaughtException event:TypeError: Cannot read property 'name' of undefined
[2016-03-18 00:17:02.116] [ERROR] error - Error caught in uncaughtException event:TypeError: Cannot read property 'name' of undefined
[2016-03-18 00:17:29.092] [ERROR] error - Error caught in uncaughtException event:TypeError: Cannot read property 'name' of undefined
[2016-03-18 00:19:19.215] [ERROR] error - Error caught in uncaughtException event:TypeError: Cannot read property 'name' of undefined
[2016-03-18 00:23:23.953] [ERROR] error - Error caught in uncaughtException event:TypeError: Cannot read property 'name' of undefined
[2016-03-18 00:25:02.532] [ERROR] error - Error caught in uncaughtException event:TypeError: Cannot read property 'name' of undefined
[2016-03-18 00:26:11.728] [ERROR] error - Error caught in uncaughtException event:TypeError: Cannot read property 'name' of undefined
[2016-03-18 00:27:42.847] [ERROR] error - Error caught in uncaughtException event:TypeError: Cannot read property 'name' of undefined
[2016-03-18 00:56:00.538] [ERROR] error - Error caught in uncaughtException event:TypeError: Cannot read property 'name' of undefined
[2016-03-18 00:56:10.080] [ERROR] error - Error caught in uncaughtException event:TypeError: Cannot read property 'name' of undefined
[2016-03-18 00:59:50.950] [ERROR] error - Error caught in uncaughtException event:TypeError: Cannot read property 'name' of undefined
[2016-03-20 13:28:15.542] [ERROR] error - Error caught in uncaughtException event:Error: Can't set headers after they are sent.
[2016-03-20 13:28:34.982] [ERROR] error - Error caught in uncaughtException event:Error: Can't set headers after they are sent.
[2016-03-20 13:28:57.841] [ERROR] error - Error caught in uncaughtException event:Error: Can't set headers after they are sent.
[2016-03-20 13:29:16.573] [ERROR] error - Error caught in uncaughtException event:Error: Can't set headers after they are sent.
[2016-03-20 13:29:59.142] [ERROR] error - Error caught in uncaughtException event:Error: Can't set headers after they are sent.
[2016-03-20 21:47:55.728] [ERROR] error - Error caught in uncaughtException event:Error: Can't set headers after they are sent.
[2016-03-20 21:47:56.818] [ERROR] error - Error caught in uncaughtException event:Error: Can't set headers after they are sent.
[2016-03-20 21:48:38.672] [ERROR] error - Error caught in uncaughtException event:Error: Can't set headers after they are sent.
[2016-03-20 21:48:39.351] [ERROR] error - Error caught in uncaughtException event:Error: Can't set headers after they are sent.
[2016-03-20 21:48:39.533] [ERROR] error - Error caught in uncaughtException event:Error: Can't set headers after they are sent.
[2016-03-20 21:49:06.095] [ERROR] error - Error caught in uncaughtException event:Error: Can't set headers after they are sent.
[2016-03-20 21:49:06.651] [ERROR] error - Error caught in uncaughtException event:Error: Can't set headers after they are sent.
[2016-03-20 21:49:06.850] [ERROR] error - Error caught in uncaughtException event:Error: Can't set headers after they are sent.
[2016-03-20 21:49:07.034] [ERROR] error - Error caught in uncaughtException event:Error: Can't set headers after they are sent.
[2016-03-20 21:49:07.228] [ERROR] error - Error caught in uncaughtException event:Error: Can't set headers after they are sent.
[2016-03-20 21:49:07.418] [ERROR] error - Error caught in uncaughtException event:Error: Can't set headers after they are sent.
[2016-03-20 21:49:21.839] [ERROR] error - Error caught in uncaughtException event:Error: Can't set headers after they are sent.
[2016-03-20 21:49:44.707] [ERROR] error - Error caught in uncaughtException event:Error: Can't set headers after they are sent.
[2016-03-20 21:51:16.519] [ERROR] error - Error caught in uncaughtException event:Error: Can't set headers after they are sent.
[2016-03-20 21:54:35.241] [ERROR] error - Error caught in uncaughtException event:Error: Can't set headers after they are sent.
[2016-03-20 21:55:00.354] [ERROR] error - Error caught in uncaughtException event:Error: Can't set headers after they are sent.
[2016-03-20 21:55:16.408] [ERROR] error - Error caught in uncaughtException event:Error: Can't set headers after they are sent.
[2016-03-20 21:55:46.213] [ERROR] error - Error caught in uncaughtException event:Error: Can't set headers after they are sent.
[2016-03-20 22:01:16.796] [ERROR] error - Error caught in uncaughtException event:Error: Can't set headers after they are sent.
[2016-03-20 22:01:31.811] [ERROR] error - Error caught in uncaughtException event:Error: Can't set headers after they are sent.
[2016-03-20 22:01:32.351] [ERROR] error - Error caught in uncaughtException event:Error: Can't set headers after they are sent.
[2016-03-20 22:01:32.886] [ERROR] error - Error caught in uncaughtException event:Error: Can't set headers after they are sent.
[2016-03-20 22:01:33.452] [ERROR] error - Error caught in uncaughtException event:Error: Can't set headers after they are sent.
[2016-03-20 22:01:33.663] [ERROR] error - Error caught in uncaughtException event:Error: Can't set headers after they are sent.
[2016-03-20 22:01:34.199] [ERROR] error - Error caught in uncaughtException event:Error: Can't set headers after they are sent.
[2016-03-20 22:02:13.261] [ERROR] error - Error caught in uncaughtException event:Error: Can't set headers after they are sent.
[2016-03-20 22:03:30.271] [ERROR] error - Error caught in uncaughtException event:Error: Can't set headers after they are sent.
[2016-03-20 22:06:50.090] [ERROR] error - Error caught in uncaughtException event:Error: Can't set headers after they are sent.
[2016-03-20 22:19:09.434] [ERROR] error - Error caught in uncaughtException event:TypeError: Cannot read property 'status' of undefined
